Arguments: 
  /Users/baichaowei/.nvm/versions/node/v18.17.1/bin/node /Users/baichaowei/.nvm/versions/node/v18.17.1/bin/yarn

PATH: 
  /Users/baichaowei/.pyenv/shims:/Users/baichaowei/.nvm/versions/node/v18.17.1/bin:/Library/Frameworks/Python.framework/Versions/3.12/bin:/usr/local/bin:/System/Cryptexes/App/usr/bin:/usr/bin:/bin:/usr/sbin:/sbin:/usr/local/go/bin:/Users/baichaowei/anaconda3/bin:/Users/baichaowei/anaconda3/condabin:/Users/baichaowei/.nvm/versions/node/v18.17.1/bin:/opt/homebrew/bin:/opt/homebrew/sbin:/Library/Frameworks/Python.framework/Versions/3.12/bin

Yarn version: 
  1.22.19

Node version: 
  18.17.1

Platform: 
  darwin arm64

Trace: 
  Error: ENOENT: no such file or directory, copyfile '/Users/baichaowei/Library/Caches/Yarn/v6/npm-color-name-1.1.3-a7d0558bd89c42f795dd42328f740831ca53bc25-integrity/node_modules/color-name/LICENSE' -> '/Users/baichaowei/work/chatyn/Blast_NFT/node_modules/hardhat/node_modules/color-name/LICENSE'

npm manifest: 
  {
    "name": "hardhat-project",
    "scripts": {
      "deploy:test": "npx hardhat ignition deploy ignition/modules/Lock.ts --network blast-sepolia",
      "deploy:main": "npx hardhat ignition deploy ignition/modules/Lock.ts --network blast-mainnet",
      "compile": "hardhat compile"
    },
    "devDependencies": {
      "@nomicfoundation/hardhat-toolbox": "^5.0.0",
      "hardhat": "^2.22.2"
    },
    "dependencies": {
      "@nomicfoundation/hardhat-ignition": "^0.15.0",
      "@openzeppelin/contracts": "5.0.2",
      "ethers": "6.x",
      "modules": "link:@nomicfoundation/hardhat-ignition/modules"
    }
  }

yarn manifest: 
  No manifest

Lockfile: 
  No lockfile
